\BOOKMARK [1][-]{section.1}{Introduction}{}% 1
\BOOKMARK [2][-]{subsection.1.1}{Scope}{section.1}% 2
\BOOKMARK [2][-]{subsection.1.2}{DEFINITIONS, ACRONYMS, AND ABBREVIATIONS}{section.1}% 3
\BOOKMARK [1][-]{section.2}{OVERALL DESCRIPTION}{}% 4
\BOOKMARK [2][-]{subsection.2.1}{PRODUCT PERSPECTIVE}{section.2}% 5
\BOOKMARK [2][-]{subsection.2.2}{PRODUCT FUNCTIONS}{section.2}% 6
\BOOKMARK [2][-]{subsection.2.3}{USER CHARACTERISTICS}{section.2}% 7
\BOOKMARK [2][-]{subsection.2.4}{SYSTEM LEVEL \(NON-FUNCTIONAL\) REQUIREMENTS}{section.2}% 8
\BOOKMARK [3][-]{subsubsection.2.4.1}{Software Interfaces}{subsection.2.4}% 9
\BOOKMARK [3][-]{subsubsection.2.4.2}{User Interfaces}{subsection.2.4}% 10
\BOOKMARK [1][-]{section.3}{SPECIFIC REQUIREMENTS}{}% 11
\BOOKMARK [2][-]{subsection.3.1}{SYSTEM FEATURES}{section.3}% 12
\BOOKMARK [3][-]{subsubsection.3.1.1}{File Uploading}{subsection.3.1}% 13
\BOOKMARK [3][-]{subsubsection.3.1.2}{Viewable Model}{subsection.3.1}% 14
\BOOKMARK [3][-]{subsubsection.3.1.3}{Smartphone Connection}{subsection.3.1}% 15
\BOOKMARK [3][-]{subsubsection.3.1.4}{Forge Authentication}{subsection.3.1}% 16
\BOOKMARK [3][-]{subsubsection.3.1.5}{Data Management}{subsection.3.1}% 17
\BOOKMARK [3][-]{subsubsection.3.1.6}{Model Derivative}{subsection.3.1}% 18
\BOOKMARK [3][-]{subsubsection.3.1.7}{VR device support}{subsection.3.1}% 19
\BOOKMARK [1][-]{section.4}{GANTT CHART/SIGNATURES}{}% 20
