\BOOKMARK [1][-]{section.1}{Introduction}{}% 1
\BOOKMARK [1][-]{section.2}{Project Requirements}{}% 2
\BOOKMARK [1][-]{section.3}{Introduction}{}% 3
\BOOKMARK [2][-]{subsection.3.1}{Scope}{section.3}% 4
\BOOKMARK [2][-]{subsection.3.2}{DEFINITIONS, ACRONYMS, AND ABBREVIATIONS}{section.3}% 5
\BOOKMARK [1][-]{section*.2}{References}{}% 6
\BOOKMARK [1][-]{section.4}{OVERALL DESCRIPTION}{}% 7
\BOOKMARK [2][-]{subsection.4.1}{PRODUCT PERSPECTIVE}{section.4}% 8
\BOOKMARK [2][-]{subsection.4.2}{PRODUCT FUNCTIONS}{section.4}% 9
\BOOKMARK [2][-]{subsection.4.3}{USER CHARACTERISTICS}{section.4}% 10
\BOOKMARK [2][-]{subsection.4.4}{SYSTEM LEVEL \(NON-FUNCTIONAL\) REQUIREMENTS}{section.4}% 11
\BOOKMARK [1][-]{section.5}{SPECIFIC REQUIREMENTS}{}% 12
\BOOKMARK [2][-]{subsection.5.1}{SYSTEM FEATURES}{section.5}% 13
\BOOKMARK [1][-]{section.6}{What requirements changed/added/deleted?}{}% 14
\BOOKMARK [1][-]{section.7}{GANTT CHART}{}% 15
\BOOKMARK [1][-]{section.8}{UPDATED GANTT CHART}{}% 16
\BOOKMARK [1][-]{section.9}{Design Document}{}% 17
\BOOKMARK [1][-]{section.10}{Introduction}{}% 18
\BOOKMARK [2][-]{subsection.10.1}{Scope}{section.10}% 19
\BOOKMARK [2][-]{subsection.10.2}{Purpose}{section.10}% 20
\BOOKMARK [2][-]{subsection.10.3}{Intended audience}{section.10}% 21
\BOOKMARK [2][-]{subsection.10.4}{Influences on SDD preparation}{section.10}% 22
\BOOKMARK [2][-]{subsection.10.5}{Design verification and design role validation}{section.10}% 23
\BOOKMARK [2][-]{subsection.10.6}{Design stakeholders and their concerns}{section.10}% 24
\BOOKMARK [1][-]{section.11}{Definitions}{}% 25
\BOOKMARK [1][-]{section.12}{Design Views}{}% 26
\BOOKMARK [2][-]{subsection.12.1}{Website Interface}{section.12}% 27
\BOOKMARK [2][-]{subsection.12.2}{Interface Viewpoint: Interface}{section.12}% 28
\BOOKMARK [2][-]{subsection.12.3}{Model Viewer}{section.12}% 29
\BOOKMARK [2][-]{subsection.12.4}{Interface Viewpoint: Interaction}{section.12}% 30
\BOOKMARK [2][-]{subsection.12.5}{Local file upload}{section.12}% 31
\BOOKMARK [2][-]{subsection.12.6}{Interface viewpoint for local file upload}{section.12}% 32
\BOOKMARK [2][-]{subsection.12.7}{Non-local file upload}{section.12}% 33
\BOOKMARK [2][-]{subsection.12.8}{Interface viewpoint for non-local file upload}{section.12}% 34
\BOOKMARK [2][-]{subsection.12.9}{Mobile device connection}{section.12}% 35
\BOOKMARK [2][-]{subsection.12.10}{Mobile device connection Interface viewpoint}{section.12}% 36
\BOOKMARK [2][-]{subsection.12.11}{File conversion}{section.12}% 37
\BOOKMARK [2][-]{subsection.12.12}{Interaction viewpoint for file conversion}{section.12}% 38
\BOOKMARK [2][-]{subsection.12.13}{Data Authentication}{section.12}% 39
\BOOKMARK [2][-]{subsection.12.14}{Interaction viewpoint for two legged authentication}{section.12}% 40
\BOOKMARK [2][-]{subsection.12.15}{Design Concerns}{section.12}% 41
\BOOKMARK [2][-]{subsection.12.16}{Elements}{section.12}% 42
\BOOKMARK [2][-]{subsection.12.17}{Data Authentication}{section.12}% 43
\BOOKMARK [2][-]{subsection.12.18}{Interaction viewpoint for two legged authentication}{section.12}% 44
\BOOKMARK [2][-]{subsection.12.19}{Design Concerns}{section.12}% 45
\BOOKMARK [2][-]{subsection.12.20}{Elements}{section.12}% 46
\BOOKMARK [2][-]{subsection.12.21}{Data Management API}{section.12}% 47
\BOOKMARK [2][-]{subsection.12.22}{Context viewpoint for Data Management API}{section.12}% 48
\BOOKMARK [2][-]{subsection.12.23}{Design Concerns}{section.12}% 49
\BOOKMARK [2][-]{subsection.12.24}{Elements}{section.12}% 50
\BOOKMARK [2][-]{subsection.12.25}{View models in VR}{section.12}% 51
\BOOKMARK [2][-]{subsection.12.26}{Context viewpoint for WebView}{section.12}% 52
\BOOKMARK [2][-]{subsection.12.27}{Design Concerns}{section.12}% 53
\BOOKMARK [2][-]{subsection.12.28}{Elements}{section.12}% 54
\BOOKMARK [1][-]{section.13}{Design Document Changes}{}% 55
\BOOKMARK [1][-]{section.14}{Technology Review}{}% 56
\BOOKMARK [1][-]{section.15}{Introduction}{}% 57
\BOOKMARK [1][-]{section.16}{Technologies}{}% 58
\BOOKMARK [2][-]{subsection.16.1}{File Uploading}{section.16}% 59
\BOOKMARK [2][-]{subsection.16.2}{File conversion}{section.16}% 60
\BOOKMARK [2][-]{subsection.16.3}{Connecting the users device}{section.16}% 61
\BOOKMARK [2][-]{subsection.16.4}{Website UI Redesign}{section.16}% 62
\BOOKMARK [2][-]{subsection.16.5}{Data Management API}{section.16}% 63
\BOOKMARK [2][-]{subsection.16.6}{Model Viewer}{section.16}% 64
\BOOKMARK [2][-]{subsection.16.7}{Forge Authentication}{section.16}% 65
\BOOKMARK [2][-]{subsection.16.8}{Viewing in VR}{section.16}% 66
\BOOKMARK [2][-]{subsection.16.9}{Technology 9}{section.16}% 67
\BOOKMARK [1][-]{section.17}{Conclusion}{}% 68
\BOOKMARK [1][-]{section.18}{Technology Review Changes}{}% 69
\BOOKMARK [1][-]{section.19}{Weekly blogs}{}% 70
\BOOKMARK [2][-]{subsection.19.1}{Fall}{section.19}% 71
\BOOKMARK [2][-]{subsection.19.2}{Winter}{section.19}% 72
\BOOKMARK [2][-]{subsection.19.3}{Spring}{section.19}% 73
\BOOKMARK [1][-]{section.20}{Project Documentation}{}% 74
\BOOKMARK [1][-]{section.21}{How we learned the technology}{}% 75
\BOOKMARK [1][-]{section.22}{What We Learned}{}% 76
\BOOKMARK [2][-]{subsection.22.1}{Shawn Cross}{section.22}% 77
\BOOKMARK [2][-]{subsection.22.2}{Paul Kwak}{section.22}% 78
\BOOKMARK [2][-]{subsection.22.3}{Griffin Gonslaves}{section.22}% 79
\BOOKMARK [1][-]{section.23}{Appendix 1}{}% 80
